<?xml version="1.0" encoding="UTF-8"?>
<testng-results skipped="0" failed="0" total="1" passed="1">
  <reporter-output>
  </reporter-output>
  <suite name="Default suite" duration-ms="29039" started-at="2018-01-29T21:20:53Z" finished-at="2018-01-29T21:21:22Z">
    <groups>
    </groups>
    <test name="Default test" duration-ms="29039" started-at="2018-01-29T21:20:53Z" finished-at="2018-01-29T21:21:22Z">
      <class name="com.mns.expedia.ExpediaHomeTest">
        <test-method status="PASS" signature="setup()[pri:0, instance:com.mns.expedia.ExpediaHomeTest@3bfdc050]" name="setup" is-config="true" duration-ms="13681" started-at="2018-01-29T16:20:53Z" finished-at="2018-01-29T16:21:07Z">
          <reporter-output>
          </reporter-output>
        </test-method> <!-- setup -->
        <test-method status="PASS" signature="ticketSubmit()[pri:0, instance:com.mns.expedia.ExpediaHomeTest@3bfdc050]" name="ticketSubmit" duration-ms="15331" started-at="2018-01-29T16:21:07Z" finished-at="2018-01-29T16:21:22Z">
          <reporter-output>
          </reporter-output>
        </test-method> <!-- ticketSubmit -->
      </class> <!-- com.mns.expedia.ExpediaHomeTest -->
    </test> <!-- Default test -->
  </suite> <!-- Default suite -->
</testng-results>
